c:\users\chris\desktop\pathlib\build\pathlib\x64\debug\pathlib.pdb
c:\users\chris\desktop\pathlib\build\pathlib\x64\debug\pathlib.idb
c:\users\chris\desktop\pathlib\build\pathlib\pathlib\x64\debug\errors.obj
c:\users\chris\desktop\pathlib\build\pathlib\pathlib\x64\debug\log.obj
c:\users\chris\desktop\pathlib\build\pathlib\pathlib\x64\debug\memory.obj
c:\users\chris\desktop\pathlib\build\pathlib\pathlib\x64\debug\timer.obj
c:\users\chris\desktop\pathlib\build\pathlib\x64\debug\pathlib.lib
c:\users\chris\desktop\pathlib\build\pathlib\pathlib\x64\debug\pathlib.tlog\cl.command.1.tlog
c:\users\chris\desktop\pathlib\build\pathlib\pathlib\x64\debug\pathlib.tlog\cl.items.tlog
c:\users\chris\desktop\pathlib\build\pathlib\pathlib\x64\debug\pathlib.tlog\cl.read.1.tlog
c:\users\chris\desktop\pathlib\build\pathlib\pathlib\x64\debug\pathlib.tlog\cl.write.1.tlog
c:\users\chris\desktop\pathlib\build\pathlib\pathlib\x64\debug\pathlib.tlog\icx-cl-clang-cl.160576.delete.1.tlog
c:\users\chris\desktop\pathlib\build\pathlib\pathlib\x64\debug\pathlib.tlog\icx-cl-clang-cl.160576.read.1.tlog
c:\users\chris\desktop\pathlib\build\pathlib\pathlib\x64\debug\pathlib.tlog\icx-cl-clang-cl.160576.write.1.tlog
c:\users\chris\desktop\pathlib\build\pathlib\pathlib\x64\debug\pathlib.tlog\icx-cl-clang-cl.172188.delete.1.tlog
c:\users\chris\desktop\pathlib\build\pathlib\pathlib\x64\debug\pathlib.tlog\icx-cl-clang-cl.172188.read.1.tlog
c:\users\chris\desktop\pathlib\build\pathlib\pathlib\x64\debug\pathlib.tlog\icx-cl-clang-cl.172188.write.1.tlog
c:\users\chris\desktop\pathlib\build\pathlib\pathlib\x64\debug\pathlib.tlog\icx-cl-clang-cl.188560.delete.1.tlog
c:\users\chris\desktop\pathlib\build\pathlib\pathlib\x64\debug\pathlib.tlog\icx-cl-clang-cl.188560.read.1.tlog
c:\users\chris\desktop\pathlib\build\pathlib\pathlib\x64\debug\pathlib.tlog\icx-cl-clang-cl.188560.write.1.tlog
c:\users\chris\desktop\pathlib\build\pathlib\pathlib\x64\debug\pathlib.tlog\icx-cl-clang-cl.210264.delete.1.tlog
c:\users\chris\desktop\pathlib\build\pathlib\pathlib\x64\debug\pathlib.tlog\icx-cl-clang-cl.210264.read.1.tlog
c:\users\chris\desktop\pathlib\build\pathlib\pathlib\x64\debug\pathlib.tlog\icx-cl-clang-cl.210264.write.1.tlog
c:\users\chris\desktop\pathlib\build\pathlib\pathlib\x64\debug\pathlib.tlog\icx-cl-clang-cl.read.1.tlog
c:\users\chris\desktop\pathlib\build\pathlib\pathlib\x64\debug\pathlib.tlog\icx-cl.command.1.tlog
c:\users\chris\desktop\pathlib\build\pathlib\pathlib\x64\debug\pathlib.tlog\icx-cl.read.1.tlog
c:\users\chris\desktop\pathlib\build\pathlib\pathlib\x64\debug\pathlib.tlog\icx-cl.write.1.tlog
c:\users\chris\desktop\pathlib\build\pathlib\pathlib\x64\debug\pathlib.tlog\lib-link.read.1.tlog
c:\users\chris\desktop\pathlib\build\pathlib\pathlib\x64\debug\pathlib.tlog\lib-link.write.1.tlog
c:\users\chris\desktop\pathlib\build\pathlib\pathlib\x64\debug\pathlib.tlog\lib.command.1.tlog
c:\users\chris\desktop\pathlib\build\pathlib\pathlib\x64\debug\pathlib.tlog\xilib-xilink-lld-link.delete.1.tlog
c:\users\chris\desktop\pathlib\build\pathlib\pathlib\x64\debug\pathlib.tlog\xilib-xilink-lld-link.read.1.tlog
c:\users\chris\desktop\pathlib\build\pathlib\pathlib\x64\debug\pathlib.tlog\xilib-xilink-lld-link.write.1.tlog
c:\users\chris\desktop\pathlib\build\pathlib\pathlib\x64\debug\pathlib.tlog\xilib-xilink.read.1.tlog
c:\users\chris\desktop\pathlib\build\pathlib\pathlib\x64\debug\pathlib.tlog\xilib-xilink.write.1.tlog
c:\users\chris\desktop\pathlib\build\pathlib\pathlib\x64\debug\pathlib.tlog\xilib.command.1.tlog
