c:\users\chris\desktop\pathlib\build\pathlib\x64\release\pathlib.pdb
c:\users\chris\desktop\pathlib\build\pathlib\pathlib\x64\release\timer.obj
c:\users\chris\desktop\pathlib\build\pathlib\pathlib\x64\release\memory.obj
c:\users\chris\desktop\pathlib\build\pathlib\pathlib\x64\release\log.obj
c:\users\chris\desktop\pathlib\build\pathlib\pathlib\x64\release\errors.obj
c:\users\chris\desktop\pathlib\build\pathlib\x64\release\pathlib.lib
c:\users\chris\desktop\pathlib\build\pathlib\pathlib\x64\release\pathlib.tlog\cl.command.1.tlog
c:\users\chris\desktop\pathlib\build\pathlib\pathlib\x64\release\pathlib.tlog\cl.items.tlog
c:\users\chris\desktop\pathlib\build\pathlib\pathlib\x64\release\pathlib.tlog\cl.read.1.tlog
c:\users\chris\desktop\pathlib\build\pathlib\pathlib\x64\release\pathlib.tlog\cl.write.1.tlog
c:\users\chris\desktop\pathlib\build\pathlib\pathlib\x64\release\pathlib.tlog\clang-cl.167740.write.1.tlog
c:\users\chris\desktop\pathlib\build\pathlib\pathlib\x64\release\pathlib.tlog\clang-cl.command.1.tlog
c:\users\chris\desktop\pathlib\build\pathlib\pathlib\x64\release\pathlib.tlog\clang-cl.read.1.tlog
c:\users\chris\desktop\pathlib\build\pathlib\pathlib\x64\release\pathlib.tlog\icx-cl-clang-cl.124844.delete.1.tlog
c:\users\chris\desktop\pathlib\build\pathlib\pathlib\x64\release\pathlib.tlog\icx-cl-clang-cl.124844.read.1.tlog
c:\users\chris\desktop\pathlib\build\pathlib\pathlib\x64\release\pathlib.tlog\icx-cl-clang-cl.124844.write.1.tlog
c:\users\chris\desktop\pathlib\build\pathlib\pathlib\x64\release\pathlib.tlog\icx-cl-clang-cl.166276.delete.1.tlog
c:\users\chris\desktop\pathlib\build\pathlib\pathlib\x64\release\pathlib.tlog\icx-cl-clang-cl.166276.read.1.tlog
c:\users\chris\desktop\pathlib\build\pathlib\pathlib\x64\release\pathlib.tlog\icx-cl-clang-cl.166276.write.1.tlog
c:\users\chris\desktop\pathlib\build\pathlib\pathlib\x64\release\pathlib.tlog\icx-cl-clang-cl.166400.delete.1.tlog
c:\users\chris\desktop\pathlib\build\pathlib\pathlib\x64\release\pathlib.tlog\icx-cl-clang-cl.166400.read.1.tlog
c:\users\chris\desktop\pathlib\build\pathlib\pathlib\x64\release\pathlib.tlog\icx-cl-clang-cl.166400.write.1.tlog
c:\users\chris\desktop\pathlib\build\pathlib\pathlib\x64\release\pathlib.tlog\icx-cl-clang-cl.192920.delete.1.tlog
c:\users\chris\desktop\pathlib\build\pathlib\pathlib\x64\release\pathlib.tlog\icx-cl-clang-cl.192920.read.1.tlog
c:\users\chris\desktop\pathlib\build\pathlib\pathlib\x64\release\pathlib.tlog\icx-cl-clang-cl.192920.write.1.tlog
c:\users\chris\desktop\pathlib\build\pathlib\pathlib\x64\release\pathlib.tlog\icx-cl-clang-cl.203288.delete.1.tlog
c:\users\chris\desktop\pathlib\build\pathlib\pathlib\x64\release\pathlib.tlog\icx-cl-clang-cl.203288.read.1.tlog
c:\users\chris\desktop\pathlib\build\pathlib\pathlib\x64\release\pathlib.tlog\icx-cl-clang-cl.203288.write.1.tlog
c:\users\chris\desktop\pathlib\build\pathlib\pathlib\x64\release\pathlib.tlog\icx-cl-clang-cl.204888.delete.1.tlog
c:\users\chris\desktop\pathlib\build\pathlib\pathlib\x64\release\pathlib.tlog\icx-cl-clang-cl.204888.read.1.tlog
c:\users\chris\desktop\pathlib\build\pathlib\pathlib\x64\release\pathlib.tlog\icx-cl-clang-cl.204888.write.1.tlog
c:\users\chris\desktop\pathlib\build\pathlib\pathlib\x64\release\pathlib.tlog\icx-cl-clang-cl.205640.delete.1.tlog
c:\users\chris\desktop\pathlib\build\pathlib\pathlib\x64\release\pathlib.tlog\icx-cl-clang-cl.205640.read.1.tlog
c:\users\chris\desktop\pathlib\build\pathlib\pathlib\x64\release\pathlib.tlog\icx-cl-clang-cl.205640.write.1.tlog
c:\users\chris\desktop\pathlib\build\pathlib\pathlib\x64\release\pathlib.tlog\icx-cl-clang-cl.206924.delete.1.tlog
c:\users\chris\desktop\pathlib\build\pathlib\pathlib\x64\release\pathlib.tlog\icx-cl-clang-cl.206924.read.1.tlog
c:\users\chris\desktop\pathlib\build\pathlib\pathlib\x64\release\pathlib.tlog\icx-cl-clang-cl.206924.write.1.tlog
c:\users\chris\desktop\pathlib\build\pathlib\pathlib\x64\release\pathlib.tlog\icx-cl-clang-cl.delete.1.tlog
c:\users\chris\desktop\pathlib\build\pathlib\pathlib\x64\release\pathlib.tlog\icx-cl-clang-cl.read.1.tlog
c:\users\chris\desktop\pathlib\build\pathlib\pathlib\x64\release\pathlib.tlog\icx-cl-clang-cl.write.1.tlog
c:\users\chris\desktop\pathlib\build\pathlib\pathlib\x64\release\pathlib.tlog\icx-cl.command.1.tlog
c:\users\chris\desktop\pathlib\build\pathlib\pathlib\x64\release\pathlib.tlog\icx-cl.read.1.tlog
c:\users\chris\desktop\pathlib\build\pathlib\pathlib\x64\release\pathlib.tlog\icx-cl.write.1.tlog
c:\users\chris\desktop\pathlib\build\pathlib\pathlib\x64\release\pathlib.tlog\lib-link.read.1.tlog
c:\users\chris\desktop\pathlib\build\pathlib\pathlib\x64\release\pathlib.tlog\lib-link.write.1.tlog
c:\users\chris\desktop\pathlib\build\pathlib\pathlib\x64\release\pathlib.tlog\lib.command.1.tlog
c:\users\chris\desktop\pathlib\build\pathlib\pathlib\x64\release\pathlib.tlog\llvm-lib.command.1.tlog
c:\users\chris\desktop\pathlib\build\pathlib\pathlib\x64\release\pathlib.tlog\llvm-lib.read.1.tlog
c:\users\chris\desktop\pathlib\build\pathlib\pathlib\x64\release\pathlib.tlog\llvm-lib.write.1.tlog
c:\users\chris\desktop\pathlib\build\pathlib\pathlib\x64\release\pathlib.tlog\xilib-xilink-lld-link.delete.1.tlog
c:\users\chris\desktop\pathlib\build\pathlib\pathlib\x64\release\pathlib.tlog\xilib-xilink-lld-link.read.1.tlog
c:\users\chris\desktop\pathlib\build\pathlib\pathlib\x64\release\pathlib.tlog\xilib-xilink-lld-link.write.1.tlog
c:\users\chris\desktop\pathlib\build\pathlib\pathlib\x64\release\pathlib.tlog\xilib-xilink.read.1.tlog
c:\users\chris\desktop\pathlib\build\pathlib\pathlib\x64\release\pathlib.tlog\xilib-xilink.write.1.tlog
c:\users\chris\desktop\pathlib\build\pathlib\pathlib\x64\release\pathlib.tlog\xilib.command.1.tlog
